<?xml version="1.0" encoding="UTF-8"?>
<robot generator="Robot 7.3.2 (Python 3.13.3 on win32)" generated="2025-08-29T09:37:31.152149" rpa="false" schemaversion="5">
<suite id="s1" name="Login Tests" source="C:\Users\Lívia\pb-compass-quality-engineering\Documentos\Sprint 05\Semana 10\Teste da API restful-booker com Robot\tests\login_tests.robot">
<test id="s1-t1" name="Cenario 01: Fazer login com sucesso" line="6">
<kw name="Criar Sessao" owner="base_keywords">
<kw name="Create Session" owner="RequestsLibrary">
<msg time="2025-08-29T09:37:31.371054" level="INFO">Creating Session using : alias=restful-booker, url=https://restful-booker.herokuapp.com, headers={},                     cookies={}, auth=None, timeout=None, proxies=None, verify=False,                     debug=0 </msg>
<arg>restful-booker</arg>
<arg>${URL_BASE}</arg>
<doc>Create Session: create a HTTP session to a server</doc>
<status status="PASS" start="2025-08-29T09:37:31.370825" elapsed="0.000525"/>
</kw>
<status status="PASS" start="2025-08-29T09:37:31.370127" elapsed="0.001356"/>
</kw>
<kw name="POST Endpoint /auth" owner="login_keywords">
<kw name="Create Dictionary" owner="BuiltIn">
<msg time="2025-08-29T09:37:31.374325" level="INFO">&amp;{payload} = { username=admin | password=password123 }</msg>
<var>&amp;{payload}</var>
<arg>username=${username}</arg>
<arg>password=${password}</arg>
<doc>Creates and returns a dictionary based on the given ``items``.</doc>
<status status="PASS" start="2025-08-29T09:37:31.373089" elapsed="0.001297"/>
</kw>
<kw name="POST On Session" owner="RequestsLibrary">
<msg time="2025-08-29T09:37:32.143159" level="INFO">POST Request : url=https://restful-booker.herokuapp.com/auth 
 path_url=/auth 
 headers={'User-Agent': 'python-requests/2.32.5', 'Accept-Encoding': 'gzip, deflate', 'Accept': '*/*', 'Connection': 'keep-alive', 'Content-Length': '48', 'Content-Type': 'application/json'} 
 body=b'{"username": "admin", "password": "password123"}' 
 </msg>
<msg time="2025-08-29T09:37:32.143448" level="INFO">POST Response : url=https://restful-booker.herokuapp.com/auth 
 status=200, reason=OK 
 headers={'Content-Length': '27', 'Content-Type': 'application/json; charset=utf-8', 'Date': 'Fri, 29 Aug 2025 12:37:31 GMT', 'Etag': 'W/"1b-wcoeAJ9wFDqHzZwqBz+xYruEedQ"', 'Nel': '{"report_to":"heroku-nel","response_headers":["Via"],"max_age":3600,"success_fraction":0.01,"failure_fraction":0.1}', 'Report-To': '{"group":"heroku-nel","endpoints":[{"url":"https://nel.heroku.com/reports?s=d9m5jWzXf31YFp2E7o0d8Zxpo2Ede0zUVQXfO4AbBYk%3D\\u0026sid=c46efe9b-d3d2-4a0c-8c76-bfafa16c5add\\u0026ts=1756471051"}],"max_age":3600}', 'Reporting-Endpoints': 'heroku-nel="https://nel.heroku.com/reports?s=d9m5jWzXf31YFp2E7o0d8Zxpo2Ede0zUVQXfO4AbBYk%3D&amp;sid=c46efe9b-d3d2-4a0c-8c76-bfafa16c5add&amp;ts=1756471051"', 'Server': 'Heroku', 'Via': '1.1 heroku-router', 'X-Powered-By': 'Express'} 
 body={"token":"a9c915998c6fc51"} 
 </msg>
<msg time="2025-08-29T09:37:32.143581" level="INFO">C:\Users\Lívia\AppData\Local\Programs\Python\Python313\Lib\site-packages\urllib3\connectionpool.py:1097: InsecureRequestWarning: Unverified HTTPS request is being made to host 'restful-booker.herokuapp.com'. Adding certificate verification is strongly advised. See: https://urllib3.readthedocs.io/en/latest/advanced-usage.html#tls-warnings
  warnings.warn(</msg>
<msg time="2025-08-29T09:37:32.144138" level="INFO">${response} = &lt;Response [200]&gt;</msg>
<var>${response}</var>
<arg>restful-booker</arg>
<arg>/auth</arg>
<arg>json=&amp;{payload}</arg>
<arg>expected_status=any</arg>
<doc>Sends a POST request on a previously created HTTP Session.</doc>
<status status="PASS" start="2025-08-29T09:37:31.374667" elapsed="0.769541"/>
</kw>
<kw name="Evaluate" owner="BuiltIn">
<msg time="2025-08-29T09:37:32.145289" level="INFO">${token} = a9c915998c6fc51</msg>
<var>${token}</var>
<arg>$response.json().get("token")</arg>
<doc>Evaluates the given expression in Python and returns the result.</doc>
<status status="PASS" start="2025-08-29T09:37:32.144552" elapsed="0.000793"/>
</kw>
<if>
<branch type="IF" condition="&quot;${token}&quot; != &quot;None&quot;">
<kw name="Set Global Variable" owner="BuiltIn">
<msg time="2025-08-29T09:37:32.146799" level="INFO">${TOKEN} = a9c915998c6fc51</msg>
<arg>${TOKEN}</arg>
<arg>${token}</arg>
<doc>Makes a variable available globally in all tests and suites.</doc>
<status status="PASS" start="2025-08-29T09:37:32.146335" elapsed="0.000594"/>
</kw>
<status status="PASS" start="2025-08-29T09:37:32.145566" elapsed="0.001669"/>
</branch>
<status status="PASS" start="2025-08-29T09:37:32.145491" elapsed="0.001872"/>
</if>
<kw name="Set Global Variable" owner="BuiltIn">
<msg time="2025-08-29T09:37:32.148385" level="INFO">${response} = &lt;Response [200]&gt;</msg>
<arg>${response}</arg>
<doc>Makes a variable available globally in all tests and suites.</doc>
<status status="PASS" start="2025-08-29T09:37:32.147962" elapsed="0.000506"/>
</kw>
<arg>username=admin</arg>
<arg>password=password123</arg>
<status status="PASS" start="2025-08-29T09:37:31.372292" elapsed="0.776426"/>
</kw>
<kw name="Validar Status Code" owner="base_keywords">
<kw name="Should Be Equal As Integers" owner="BuiltIn">
<msg time="2025-08-29T09:37:32.150472" level="INFO">Argument types are:
&lt;class 'int'&gt;
&lt;class 'str'&gt;</msg>
<arg>${response.status_code}</arg>
<arg>${status_code}</arg>
<doc>Fails if objects are unequal after converting them to integers.</doc>
<status status="PASS" start="2025-08-29T09:37:32.149818" elapsed="0.000745"/>
</kw>
<arg>status_code=200</arg>
<status status="PASS" start="2025-08-29T09:37:32.149380" elapsed="0.001261"/>
</kw>
<kw name="Validar se a Resposta Contem &quot;token&quot;" owner="base_keywords" source_name="Validar se a Resposta Contem &quot;${palavra}&quot;">
<kw name="Should Contain" owner="BuiltIn">
<arg>${response.json()}</arg>
<arg>${palavra}</arg>
<doc>Fails if ``container`` does not contain ``item`` one or more times.</doc>
<status status="PASS" start="2025-08-29T09:37:32.151570" elapsed="0.000581"/>
</kw>
<status status="PASS" start="2025-08-29T09:37:32.151222" elapsed="0.001008"/>
</kw>
<tag>POST</tag>
<status status="PASS" start="2025-08-29T09:37:31.369013" elapsed="0.783665"/>
</test>
<test id="s1-t2" name="Cenario 02: Fazer login com campos vazios" line="13">
<kw name="Criar Sessao" owner="base_keywords">
<kw name="Create Session" owner="RequestsLibrary">
<msg time="2025-08-29T09:37:32.155281" level="INFO">Creating Session using : alias=restful-booker, url=https://restful-booker.herokuapp.com, headers={},                     cookies={}, auth=None, timeout=None, proxies=None, verify=False,                     debug=0 </msg>
<arg>restful-booker</arg>
<arg>${URL_BASE}</arg>
<doc>Create Session: create a HTTP session to a server</doc>
<status status="PASS" start="2025-08-29T09:37:32.155054" elapsed="0.000633"/>
</kw>
<status status="PASS" start="2025-08-29T09:37:32.154698" elapsed="0.001211"/>
</kw>
<kw name="POST Endpoint /auth" owner="login_keywords">
<kw name="Create Dictionary" owner="BuiltIn">
<msg time="2025-08-29T09:37:32.157913" level="INFO">&amp;{payload} = { username= | password= }</msg>
<var>&amp;{payload}</var>
<arg>username=${username}</arg>
<arg>password=${password}</arg>
<doc>Creates and returns a dictionary based on the given ``items``.</doc>
<status status="PASS" start="2025-08-29T09:37:32.157628" elapsed="0.000317"/>
</kw>
<kw name="POST On Session" owner="RequestsLibrary">
<msg time="2025-08-29T09:37:32.900856" level="INFO">POST Request : url=https://restful-booker.herokuapp.com/auth 
 path_url=/auth 
 headers={'User-Agent': 'python-requests/2.32.5', 'Accept-Encoding': 'gzip, deflate', 'Accept': '*/*', 'Connection': 'keep-alive', 'Content-Length': '32', 'Content-Type': 'application/json'} 
 body=b'{"username": "", "password": ""}' 
 </msg>
<msg time="2025-08-29T09:37:32.901048" level="INFO">POST Response : url=https://restful-booker.herokuapp.com/auth 
 status=200, reason=OK 
 headers={'Content-Length': '28', 'Content-Type': 'application/json; charset=utf-8', 'Date': 'Fri, 29 Aug 2025 12:37:32 GMT', 'Etag': 'W/"1c-J3EiwfZwVQjKTKvpvazUfTni8fI"', 'Nel': '{"report_to":"heroku-nel","response_headers":["Via"],"max_age":3600,"success_fraction":0.01,"failure_fraction":0.1}', 'Report-To': '{"group":"heroku-nel","endpoints":[{"url":"https://nel.heroku.com/reports?s=J0eXTXw0T9yD3VfiKrUQgNWvZFoy%2FWdZJZbAVZ0%2Fc0s%3D\\u0026sid=c46efe9b-d3d2-4a0c-8c76-bfafa16c5add\\u0026ts=1756471052"}],"max_age":3600}', 'Reporting-Endpoints': 'heroku-nel="https://nel.heroku.com/reports?s=J0eXTXw0T9yD3VfiKrUQgNWvZFoy%2FWdZJZbAVZ0%2Fc0s%3D&amp;sid=c46efe9b-d3d2-4a0c-8c76-bfafa16c5add&amp;ts=1756471052"', 'Server': 'Heroku', 'Via': '1.1 heroku-router', 'X-Powered-By': 'Express'} 
 body={"reason":"Bad credentials"} 
 </msg>
<msg time="2025-08-29T09:37:32.901754" level="INFO">C:\Users\Lívia\AppData\Local\Programs\Python\Python313\Lib\site-packages\urllib3\connectionpool.py:1097: InsecureRequestWarning: Unverified HTTPS request is being made to host 'restful-booker.herokuapp.com'. Adding certificate verification is strongly advised. See: https://urllib3.readthedocs.io/en/latest/advanced-usage.html#tls-warnings
  warnings.warn(</msg>
<msg time="2025-08-29T09:37:32.902629" level="INFO">${response} = &lt;Response [200]&gt;</msg>
<var>${response}</var>
<arg>restful-booker</arg>
<arg>/auth</arg>
<arg>json=&amp;{payload}</arg>
<arg>expected_status=any</arg>
<doc>Sends a POST request on a previously created HTTP Session.</doc>
<status status="PASS" start="2025-08-29T09:37:32.158067" elapsed="0.744712"/>
</kw>
<kw name="Evaluate" owner="BuiltIn">
<msg time="2025-08-29T09:37:32.903914" level="INFO">${token} = None</msg>
<var>${token}</var>
<arg>$response.json().get("token")</arg>
<doc>Evaluates the given expression in Python and returns the result.</doc>
<status status="PASS" start="2025-08-29T09:37:32.903234" elapsed="0.000745"/>
</kw>
<if>
<branch type="IF" condition="&quot;${token}&quot; != &quot;None&quot;">
<kw name="Set Global Variable" owner="BuiltIn">
<arg>${TOKEN}</arg>
<arg>${token}</arg>
<doc>Makes a variable available globally in all tests and suites.</doc>
<status status="NOT RUN" start="2025-08-29T09:37:32.904594" elapsed="0.000042"/>
</kw>
<status status="NOT RUN" start="2025-08-29T09:37:32.904170" elapsed="0.000538"/>
</branch>
<status status="PASS" start="2025-08-29T09:37:32.904115" elapsed="0.000649"/>
</if>
<kw name="Set Global Variable" owner="BuiltIn">
<msg time="2025-08-29T09:37:32.905284" level="INFO">${response} = &lt;Response [200]&gt;</msg>
<arg>${response}</arg>
<doc>Makes a variable available globally in all tests and suites.</doc>
<status status="PASS" start="2025-08-29T09:37:32.904922" elapsed="0.000442"/>
</kw>
<arg>username=${EMPTY}</arg>
<arg>password=${EMPTY}</arg>
<status status="PASS" start="2025-08-29T09:37:32.156571" elapsed="0.748916"/>
</kw>
<kw name="Validar Status Code" owner="base_keywords">
<kw name="Should Be Equal As Integers" owner="BuiltIn">
<msg time="2025-08-29T09:37:32.907478" level="INFO">Argument types are:
&lt;class 'int'&gt;
&lt;class 'str'&gt;</msg>
<msg time="2025-08-29T09:37:32.907751" level="FAIL">200 != 400</msg>
<arg>${response.status_code}</arg>
<arg>${status_code}</arg>
<doc>Fails if objects are unequal after converting them to integers.</doc>
<status status="FAIL" start="2025-08-29T09:37:32.906730" elapsed="0.001303">200 != 400</status>
</kw>
<arg>status_code=400</arg>
<status status="FAIL" start="2025-08-29T09:37:32.906231" elapsed="0.002042">200 != 400</status>
</kw>
<tag>POST</tag>
<status status="FAIL" start="2025-08-29T09:37:32.153999" elapsed="0.755075">200 != 400</status>
</test>
<test id="s1-t3" name="Cenario 03: Fazer login com campos senha incorreta" line="19">
<kw name="Criar Sessao" owner="base_keywords">
<kw name="Create Session" owner="RequestsLibrary">
<msg time="2025-08-29T09:37:32.913259" level="INFO">Creating Session using : alias=restful-booker, url=https://restful-booker.herokuapp.com, headers={},                     cookies={}, auth=None, timeout=None, proxies=None, verify=False,                     debug=0 </msg>
<arg>restful-booker</arg>
<arg>${URL_BASE}</arg>
<doc>Create Session: create a HTTP session to a server</doc>
<status status="PASS" start="2025-08-29T09:37:32.913028" elapsed="0.000496"/>
</kw>
<status status="PASS" start="2025-08-29T09:37:32.912588" elapsed="0.001046"/>
</kw>
<kw name="POST Endpoint /auth" owner="login_keywords">
<kw name="Create Dictionary" owner="BuiltIn">
<msg time="2025-08-29T09:37:32.915364" level="INFO">&amp;{payload} = { username=admin | password=123 }</msg>
<var>&amp;{payload}</var>
<arg>username=${username}</arg>
<arg>password=${password}</arg>
<doc>Creates and returns a dictionary based on the given ``items``.</doc>
<status status="PASS" start="2025-08-29T09:37:32.914935" elapsed="0.000476"/>
</kw>
<kw name="POST On Session" owner="RequestsLibrary">
<msg time="2025-08-29T09:37:33.606142" level="INFO">POST Request : url=https://restful-booker.herokuapp.com/auth 
 path_url=/auth 
 headers={'User-Agent': 'python-requests/2.32.5', 'Accept-Encoding': 'gzip, deflate', 'Accept': '*/*', 'Connection': 'keep-alive', 'Content-Length': '40', 'Content-Type': 'application/json'} 
 body=b'{"username": "admin", "password": "123"}' 
 </msg>
<msg time="2025-08-29T09:37:33.606358" level="INFO">POST Response : url=https://restful-booker.herokuapp.com/auth 
 status=200, reason=OK 
 headers={'Content-Length': '28', 'Content-Type': 'application/json; charset=utf-8', 'Date': 'Fri, 29 Aug 2025 12:37:33 GMT', 'Etag': 'W/"1c-J3EiwfZwVQjKTKvpvazUfTni8fI"', 'Nel': '{"report_to":"heroku-nel","response_headers":["Via"],"max_age":3600,"success_fraction":0.01,"failure_fraction":0.1}', 'Report-To': '{"group":"heroku-nel","endpoints":[{"url":"https://nel.heroku.com/reports?s=eJqqKvuyKefS8Lh3e5H2Gl64kdSe46g%2BDQ0xFJF82FY%3D\\u0026sid=c46efe9b-d3d2-4a0c-8c76-bfafa16c5add\\u0026ts=1756471053"}],"max_age":3600}', 'Reporting-Endpoints': 'heroku-nel="https://nel.heroku.com/reports?s=eJqqKvuyKefS8Lh3e5H2Gl64kdSe46g%2BDQ0xFJF82FY%3D&amp;sid=c46efe9b-d3d2-4a0c-8c76-bfafa16c5add&amp;ts=1756471053"', 'Server': 'Heroku', 'Via': '1.1 heroku-router', 'X-Powered-By': 'Express'} 
 body={"reason":"Bad credentials"} 
 </msg>
<msg time="2025-08-29T09:37:33.606517" level="INFO">C:\Users\Lívia\AppData\Local\Programs\Python\Python313\Lib\site-packages\urllib3\connectionpool.py:1097: InsecureRequestWarning: Unverified HTTPS request is being made to host 'restful-booker.herokuapp.com'. Adding certificate verification is strongly advised. See: https://urllib3.readthedocs.io/en/latest/advanced-usage.html#tls-warnings
  warnings.warn(</msg>
<msg time="2025-08-29T09:37:33.607250" level="INFO">${response} = &lt;Response [200]&gt;</msg>
<var>${response}</var>
<arg>restful-booker</arg>
<arg>/auth</arg>
<arg>json=&amp;{payload}</arg>
<arg>expected_status=any</arg>
<doc>Sends a POST request on a previously created HTTP Session.</doc>
<status status="PASS" start="2025-08-29T09:37:32.915579" elapsed="0.691759"/>
</kw>
<kw name="Evaluate" owner="BuiltIn">
<msg time="2025-08-29T09:37:33.608269" level="INFO">${token} = None</msg>
<var>${token}</var>
<arg>$response.json().get("token")</arg>
<doc>Evaluates the given expression in Python and returns the result.</doc>
<status status="PASS" start="2025-08-29T09:37:33.607721" elapsed="0.000599"/>
</kw>
<if>
<branch type="IF" condition="&quot;${token}&quot; != &quot;None&quot;">
<kw name="Set Global Variable" owner="BuiltIn">
<arg>${TOKEN}</arg>
<arg>${token}</arg>
<doc>Makes a variable available globally in all tests and suites.</doc>
<status status="NOT RUN" start="2025-08-29T09:37:33.608843" elapsed="0.000061"/>
</kw>
<status status="NOT RUN" start="2025-08-29T09:37:33.608475" elapsed="0.000499"/>
</branch>
<status status="PASS" start="2025-08-29T09:37:33.608435" elapsed="0.000588"/>
</if>
<kw name="Set Global Variable" owner="BuiltIn">
<msg time="2025-08-29T09:37:33.610125" level="INFO">${response} = &lt;Response [200]&gt;</msg>
<arg>${response}</arg>
<doc>Makes a variable available globally in all tests and suites.</doc>
<status status="PASS" start="2025-08-29T09:37:33.609185" elapsed="0.001092"/>
</kw>
<arg>username=admin</arg>
<arg>password=123</arg>
<status status="PASS" start="2025-08-29T09:37:32.914372" elapsed="0.696045"/>
</kw>
<kw name="Validar Status Code" owner="base_keywords">
<kw name="Should Be Equal As Integers" owner="BuiltIn">
<msg time="2025-08-29T09:37:33.612012" level="INFO">Argument types are:
&lt;class 'int'&gt;
&lt;class 'str'&gt;</msg>
<msg time="2025-08-29T09:37:33.612176" level="FAIL">200 != 400</msg>
<arg>${response.status_code}</arg>
<arg>${status_code}</arg>
<doc>Fails if objects are unequal after converting them to integers.</doc>
<status status="FAIL" start="2025-08-29T09:37:33.611356" elapsed="0.000952">200 != 400</status>
</kw>
<arg>status_code=400</arg>
<status status="FAIL" start="2025-08-29T09:37:33.610928" elapsed="0.001799">200 != 400</status>
</kw>
<tag>POST</tag>
<status status="FAIL" start="2025-08-29T09:37:32.911317" elapsed="0.701808">200 != 400</status>
</test>
<doc>Execução dos casos de teste do endpoint /auth</doc>
<status status="FAIL" start="2025-08-29T09:37:31.153944" elapsed="2.460412"/>
</suite>
<statistics>
<total>
<stat pass="1" fail="2" skip="0">All Tests</stat>
</total>
<tag>
<stat pass="1" fail="2" skip="0">POST</stat>
</tag>
<suite>
<stat name="Login Tests" id="s1" pass="1" fail="2" skip="0">Login Tests</stat>
</suite>
</statistics>
<errors>
</errors>
</robot>
